Using pre-set license
Built from '2021.3/staging' branch; Version is '2021.3.4f1 (cb45f9cae8b7) revision 13321721'; Using compiler version '192829333'; Build Type 'Release'
OS: 'Windows 11  (10.0.22000) 64bit CoreSingleLanguage' Language: 'fr' Physical Memory: 16227 MB
BatchMode: 1, IsHumanControllingUs: 0, StartBugReporterOnCrash: 0, Is64bit: 1, IsPro: 1

COMMAND LINE ARGUMENTS:
C:\Program Files\Unity\Hub\Editor\2021.3.4f1\Editor\Unity.exe
-adb2
-batchMode
-noUpm
-name
AssetImportWorker4
-projectPath
C:/Users/karim/OneDrive/Documents/GitHub/MMP-Projekt/Projekt MMP
-logFile
Logs/AssetImportWorker4.log
-srvPort
56618
Successfully changed project path to: C:/Users/karim/OneDrive/Documents/GitHub/MMP-Projekt/Projekt MMP
C:/Users/karim/OneDrive/Documents/GitHub/MMP-Projekt/Projekt MMP
[UnityMemory] Configuration Parameters - Can be set up in boot.config
    "memorysetup-bucket-allocator-granularity=16"
    "memorysetup-bucket-allocator-bucket-count=8"
    "memorysetup-bucket-allocator-block-size=33554432"
    "memorysetup-bucket-allocator-block-count=8"
    "memorysetup-main-allocator-block-size=16777216"
    "memorysetup-thread-allocator-block-size=16777216"
    "memorysetup-gfx-main-allocator-block-size=16777216"
    "memorysetup-gfx-thread-allocator-block-size=16777216"
    "memorysetup-cache-allocator-block-size=4194304"
    "memorysetup-typetree-allocator-block-size=2097152"
    "memorysetup-profiler-bucket-allocator-granularity=16"
    "memorysetup-profiler-bucket-allocator-bucket-count=8"
    "memorysetup-profiler-bucket-allocator-block-size=33554432"
    "memorysetup-profiler-bucket-allocator-block-count=8"
    "memorysetup-profiler-allocator-block-size=16777216"
    "memorysetup-profiler-editor-allocator-block-size=1048576"
    "memorysetup-temp-allocator-size-main=16777216"
    "memorysetup-job-temp-allocator-block-size=2097152"
    "memorysetup-job-temp-allocator-block-size-background=1048576"
    "memorysetup-job-temp-allocator-reduction-small-platforms=262144"
    "memorysetup-temp-allocator-size-background-worker=32768"
    "memorysetup-temp-allocator-size-job-worker=262144"
    "memorysetup-temp-allocator-size-preload-manager=33554432"
    "memorysetup-temp-allocator-size-nav-mesh-worker=65536"
    "memorysetup-temp-allocator-size-audio-worker=65536"
    "memorysetup-temp-allocator-size-cloud-worker=32768"
    "memorysetup-temp-allocator-size-gi-baking-worker=262144"
    "memorysetup-temp-allocator-size-gfx=262144"
Refreshing native plugins compatible for Editor in 185.79 ms, found 4 plugins.
Preloading 0 native plugins for Editor in 0.00 ms.
Initialize engine version: 2021.3.4f1 (cb45f9cae8b7)
[Subsystems] Discovering subsystems at path C:/Program Files/Unity/Hub/Editor/2021.3.4f1/Editor/Data/Resources/UnitySubsystems
[Subsystems] Discovering subsystems at path C:/Users/karim/OneDrive/Documents/GitHub/MMP-Projekt/Projekt MMP/Assets
GfxDevice: creating device client; threaded=0; jobified=0
Direct3D:
    Version:  Direct3D 11.0 [level 11.1]
    Renderer: NVIDIA GeForce GTX 1650 (ID=0x1f91)
    Vendor:   NVIDIA
    VRAM:     3962 MB
    Driver:   30.0.15.1169
Initialize mono
Mono path[0] = 'C:/Program Files/Unity/Hub/Editor/2021.3.4f1/Editor/Data/Managed'
Mono path[1] = 'C:/Program Files/Unity/Hub/Editor/2021.3.4f1/Editor/Data/MonoBleedingEdge/lib/mono/unityjit-win32'
Mono config path = 'C:/Program Files/Unity/Hub/Editor/2021.3.4f1/Editor/Data/MonoBleedingEdge/etc'
Using monoOptions --debugger-agent=transport=dt_socket,embedding=1,server=y,suspend=n,address=127.0.0.1:56616
Begin MonoManager ReloadAssembly
Registering precompiled unity dll's ...
Register platform support module: C:/Program Files/Unity/Hub/Editor/2021.3.4f1/Editor/Data/PlaybackEngines/WebGLSupport/UnityEditor.WebGL.Extensions.dll
Register platform support module: C:/Program Files/Unity/Hub/Editor/2021.3.4f1/Editor/Data/PlaybackEngines/WindowsStandaloneSupport/UnityEditor.WindowsStandalone.Extensions.dll
Registered in 0.011493 seconds.
Native extension for WindowsStandalone target not found
Native extension for WebGL target not found
Refreshing native plugins compatible for Editor in 163.31 ms, found 4 plugins.
Preloading 0 native plugins for Editor in 0.00 ms.
Mono: successfully reloaded assembly
- Completed reload, in  1.052 seconds
Domain Reload Profiling:
	ReloadAssembly (1053ms)
		BeginReloadAssembly (124ms)
			ExecutionOrderSort (0ms)
			DisableScriptedObjects (0ms)
			BackupInstance (0ms)
			ReleaseScriptingObjects (0ms)
			CreateAndSetChildDomain (1ms)
		EndReloadAssembly (753ms)
			LoadAssemblies (121ms)
			RebuildTransferFunctionScriptingTraits (0ms)
			SetupTypeCache (165ms)
			ReleaseScriptCaches (0ms)
			RebuildScriptCaches (41ms)
			SetupLoadedEditorAssemblies (468ms)
				LogAssemblyErrors (0ms)
				InitializePlatformSupportModulesInManaged (14ms)
				SetLoadedEditorAssemblies (0ms)
				RefreshPlugins (163ms)
				BeforeProcessingInitializeOnLoad (2ms)
				ProcessInitializeOnLoadAttributes (217ms)
				ProcessInitializeOnLoadMethodAttributes (71ms)
				AfterProcessingInitializeOnLoad (0ms)
				EditorAssembliesLoaded (0ms)
			ExecutionOrderSort2 (0ms)
			AwakeInstancesAfterBackupRestoration (0ms)
Platform modules already initialized, skipping
Registering precompiled user dll's ...
Registered in 0.016380 seconds.
Begin MonoManager ReloadAssembly
Symbol file LoadedFromMemory doesn't match image C:\Users\karim\OneDrive\Documents\GitHub\MMP-Projekt\Projekt MMP\Library\PackageCache\com.unity.visualscripting@1.7.8\Editor\VisualScripting.Core\Dependencies\YamlDotNet\Unity.VisualScripting.YamlDotNet.dll
Symbol file LoadedFromMemory doesn't match image C:\Users\karim\OneDrive\Documents\GitHub\MMP-Projekt\Projekt MMP\Library\PackageCache\com.unity.visualscripting@1.7.8\Editor\VisualScripting.Core\Dependencies\DotNetZip\Unity.VisualScripting.IonicZip.dll
Native extension for WindowsStandalone target not found
Native extension for WebGL target not found
Refreshing native plugins compatible for Editor in 155.53 ms, found 4 plugins.
Preloading 0 native plugins for Editor in 0.00 ms.
Mono: successfully reloaded assembly
- Completed reload, in  1.746 seconds
Domain Reload Profiling:
	ReloadAssembly (1748ms)
		BeginReloadAssembly (168ms)
			ExecutionOrderSort (0ms)
			DisableScriptedObjects (8ms)
			BackupInstance (0ms)
			ReleaseScriptingObjects (0ms)
			CreateAndSetChildDomain (25ms)
		EndReloadAssembly (1406ms)
			LoadAssemblies (134ms)
			RebuildTransferFunctionScriptingTraits (0ms)
			SetupTypeCache (356ms)
			ReleaseScriptCaches (1ms)
			RebuildScriptCaches (80ms)
			SetupLoadedEditorAssemblies (769ms)
				LogAssemblyErrors (0ms)
				InitializePlatformSupportModulesInManaged (8ms)
				SetLoadedEditorAssemblies (0ms)
				RefreshPlugins (156ms)
				BeforeProcessingInitializeOnLoad (156ms)
				ProcessInitializeOnLoadAttributes (372ms)
				ProcessInitializeOnLoadMethodAttributes (64ms)
				AfterProcessingInitializeOnLoad (12ms)
				EditorAssembliesLoaded (0ms)
			ExecutionOrderSort2 (0ms)
			AwakeInstancesAfterBackupRestoration (12ms)
Platform modules already initialized, skipping
========================================================================
Worker process is ready to serve import requests
Launched and connected shader compiler UnityShaderCompiler.exe after 0.06 seconds
Refreshing native plugins compatible for Editor in 1.06 ms, found 4 plugins.
Preloading 0 native plugins for Editor in 0.00 ms.
Unloading 4081 Unused Serialized files (Serialized files now loaded: 0)
Unloading 44 unused Assets / (222.6 KB). Loaded Objects now: 4532.
Memory consumption went from 154.0 MB to 153.8 MB.
Total: 4.590000 ms (FindLiveObjects: 0.428100 ms CreateObjectMapping: 0.387900 ms MarkObjects: 3.565000 ms  DeleteObjects: 0.207300 ms)

AssetImportParameters requested are different than current active one (requested -> active):
  custom:video-decoder-ogg-theora: a1e56fd34408186e4bbccfd4996cb3dc -> 
  custom:container-muxer-webm: aa71ff27fc2769a1b78a27578f13a17b -> 
  custom:container-demuxer-webm: 4f35f7cbe854078d1ac9338744f61a02 -> 
  custom:video-encoder-webm-vp8: eb34c28f22e8b96e1ab97ce403110664 -> 
  custom:video-codec-MediaFoundation-h265: 746d11721c4dcdbdad8f713fa42b33f4 -> 
  custom:audio-encoder-webm-vorbis: bf7c407c2cedff20999df2af8eb42d56 -> 
  custom:framework-win-MediaFoundation: 216162199b28c13a410421893ffa2e32 -> 
  custom:container-demuxer-ogg: 62fdf1f143b41e24485cea50d1cbac27 -> 
  custom:video-decoder-webm-vp8: 9c59270c3fd7afecdb556c50c9e8de78 -> 
  custom:audio-decoder-ogg-vorbis: bf7c407c2cedff20999df2af8eb42d56 -> 
========================================================================
Received Import Request.
  Time since last request: 558068.366240 seconds.
  path: Assets/Prefabs/RockHeadMoving.prefab
  artifactKey: Guid(94734a4a7349e57419a282912d146c6f) Importer(815301076,1909f56bfc062723c751e8b465ee728b)
Start importing Assets/Prefabs/RockHeadMoving.prefab using Guid(94734a4a7349e57419a282912d146c6f) Importer(815301076,1909f56bfc062723c751e8b465ee728b)  -> (artifact id: 'c8fd267bc3d91353ee62af0e5eaa1dfd') in 0.070368 seconds 
========================================================================
Received Prepare
Registering precompiled user dll's ...
Registered in 0.011991 seconds.
Begin MonoManager ReloadAssembly
Symbol file LoadedFromMemory doesn't match image C:\Users\karim\OneDrive\Documents\GitHub\MMP-Projekt\Projekt MMP\Library\PackageCache\com.unity.visualscripting@1.7.8\Editor\VisualScripting.Core\Dependencies\YamlDotNet\Unity.VisualScripting.YamlDotNet.dll
Symbol file LoadedFromMemory doesn't match image C:\Users\karim\OneDrive\Documents\GitHub\MMP-Projekt\Projekt MMP\Library\PackageCache\com.unity.visualscripting@1.7.8\Editor\VisualScripting.Core\Dependencies\DotNetZip\Unity.VisualScripting.IonicZip.dll
Native extension for WindowsStandalone target not found
Native extension for WebGL target not found
Refreshing native plugins compatible for Editor in 1.16 ms, found 4 plugins.
Preloading 0 native plugins for Editor in 0.00 ms.
Mono: successfully reloaded assembly
- Completed reload, in  1.457 seconds
Domain Reload Profiling:
	ReloadAssembly (1458ms)
		BeginReloadAssembly (164ms)
			ExecutionOrderSort (0ms)
			DisableScriptedObjects (7ms)
			BackupInstance (0ms)
			ReleaseScriptingObjects (0ms)
			CreateAndSetChildDomain (40ms)
		EndReloadAssembly (1153ms)
			LoadAssemblies (131ms)
			RebuildTransferFunctionScriptingTraits (0ms)
			SetupTypeCache (358ms)
			ReleaseScriptCaches (2ms)
			RebuildScriptCaches (72ms)
			SetupLoadedEditorAssemblies (520ms)
				LogAssemblyErrors (0ms)
				InitializePlatformSupportModulesInManaged (20ms)
				SetLoadedEditorAssemblies (1ms)
				RefreshPlugins (1ms)
				BeforeProcessingInitializeOnLoad (118ms)
				ProcessInitializeOnLoadAttributes (310ms)
				ProcessInitializeOnLoadMethodAttributes (57ms)
				AfterProcessingInitializeOnLoad (12ms)
				EditorAssembliesLoaded (0ms)
			ExecutionOrderSort2 (0ms)
			AwakeInstancesAfterBackupRestoration (15ms)
Platform modules already initialized, skipping
Refreshing native plugins compatible for Editor in 5.42 ms, found 4 plugins.
Preloading 0 native plugins for Editor in 0.00 ms.
Unloading 4063 Unused Serialized files (Serialized files now loaded: 0)
Unloading 31 unused Assets / (190.3 KB). Loaded Objects now: 4535.
Memory consumption went from 152.7 MB to 152.5 MB.
Total: 4.266300 ms (FindLiveObjects: 0.352900 ms CreateObjectMapping: 0.221900 ms MarkObjects: 3.554300 ms  DeleteObjects: 0.136100 ms)

AssetImportParameters requested are different than current active one (requested -> active):
  custom:video-decoder-ogg-theora: a1e56fd34408186e4bbccfd4996cb3dc -> 
  custom:container-muxer-webm: aa71ff27fc2769a1b78a27578f13a17b -> 
  custom:container-demuxer-webm: 4f35f7cbe854078d1ac9338744f61a02 -> 
  custom:video-encoder-webm-vp8: eb34c28f22e8b96e1ab97ce403110664 -> 
  custom:video-codec-MediaFoundation-h265: 746d11721c4dcdbdad8f713fa42b33f4 -> 
  custom:audio-encoder-webm-vorbis: bf7c407c2cedff20999df2af8eb42d56 -> 
  custom:framework-win-MediaFoundation: 216162199b28c13a410421893ffa2e32 -> 
  custom:container-demuxer-ogg: 62fdf1f143b41e24485cea50d1cbac27 -> 
  custom:video-decoder-webm-vp8: 9c59270c3fd7afecdb556c50c9e8de78 -> 
  custom:audio-decoder-ogg-vorbis: bf7c407c2cedff20999df2af8eb42d56 -> 
========================================================================
Received Import Request.
  Time since last request: 110.836418 seconds.
  path: Assets/Palettes/Ground.prefab
  artifactKey: Guid(e2c27eabc049310498f6ed44ca912e2e) Importer(815301076,1909f56bfc062723c751e8b465ee728b)
Start importing Assets/Palettes/Ground.prefab using Guid(e2c27eabc049310498f6ed44ca912e2e) Importer(815301076,1909f56bfc062723c751e8b465ee728b)  -> (artifact id: '5dfe250880e99f8e931833e97a72b752') in 0.148216 seconds 
========================================================================
Received Import Request.
  Time since last request: 43.630776 seconds.
  path: Assets/Animations/SpikeHeadMovement.anim
  artifactKey: Guid(0848238612400244f8047d5fa95e4db2) Importer(815301076,1909f56bfc062723c751e8b465ee728b)
Start importing Assets/Animations/SpikeHeadMovement.anim using Guid(0848238612400244f8047d5fa95e4db2) Importer(815301076,1909f56bfc062723c751e8b465ee728b)  -> (artifact id: 'adfadaef8bc64321908482d325e9bece') in 0.010356 seconds 
========================================================================
Received Import Request.
  Time since last request: 20.891797 seconds.
  path: Assets/Animations/SpikeHead.controller
  artifactKey: Guid(adc070530f07c124692ff8c787c30fd9) Importer(815301076,1909f56bfc062723c751e8b465ee728b)
Start importing Assets/Animations/SpikeHead.controller using Guid(adc070530f07c124692ff8c787c30fd9) Importer(815301076,1909f56bfc062723c751e8b465ee728b)  -> (artifact id: 'bc442dc8ad98539e29fd0478a479f884') in 0.011642 seconds 
========================================================================
Received Import Request.
  Time since last request: 34.658405 seconds.
  path: Assets/Animations/Start (Moving) (64x64)_0.controller
  artifactKey: Guid(459d1aaacf52e6f4ba8732a85610e091) Importer(815301076,1909f56bfc062723c751e8b465ee728b)
Start importing Assets/Animations/Start (Moving) (64x64)_0.controller using Guid(459d1aaacf52e6f4ba8732a85610e091) Importer(815301076,1909f56bfc062723c751e8b465ee728b)  -> (artifact id: '5459ae1a19a2616942d543ba7337e434') in 0.007411 seconds 
========================================================================
Received Import Request.
  Time since last request: 5.732879 seconds.
  path: Assets/Animations/SawAnimation.anim
  artifactKey: Guid(76065d69840eaec448039d8fa8ee5004) Importer(815301076,1909f56bfc062723c751e8b465ee728b)
Start importing Assets/Animations/SawAnimation.anim using Guid(76065d69840eaec448039d8fa8ee5004) Importer(815301076,1909f56bfc062723c751e8b465ee728b)  -> (artifact id: 'fc727e42e8f84684ed59a948f96b51c3') in 0.007992 seconds 
========================================================================
Received Import Request.
  Time since last request: 5.221393 seconds.
  path: Assets/Animations/SawMovement.anim
  artifactKey: Guid(55383e79a4228e448bc446ef841994cb) Importer(815301076,1909f56bfc062723c751e8b465ee728b)
Start importing Assets/Animations/SawMovement.anim using Guid(55383e79a4228e448bc446ef841994cb) Importer(815301076,1909f56bfc062723c751e8b465ee728b)  -> (artifact id: '5e882c247b5b0f9c1b361d1387b4edf2') in 0.008702 seconds 
========================================================================
Received Import Request.
  Time since last request: 116.609315 seconds.
  path: Assets/Scripts/Menu/WinMenu.cs
  artifactKey: Guid(a3f63eb0cdf338f409d52afcbe276a3e) Importer(815301076,1909f56bfc062723c751e8b465ee728b)
Start importing Assets/Scripts/Menu/WinMenu.cs using Guid(a3f63eb0cdf338f409d52afcbe276a3e) Importer(815301076,1909f56bfc062723c751e8b465ee728b)  -> (artifact id: '317d8f4abf2bf6ad2fb944e7c11b8372') in 0.022402 seconds 
========================================================================
Received Import Request.
  Time since last request: 12.114469 seconds.
  path: Assets/Scripts/Player/PlayerMovement.cs
  artifactKey: Guid(e4cc855228c4e9f4f945828f02144eaa) Importer(815301076,1909f56bfc062723c751e8b465ee728b)
Start importing Assets/Scripts/Player/PlayerMovement.cs using Guid(e4cc855228c4e9f4f945828f02144eaa) Importer(815301076,1909f56bfc062723c751e8b465ee728b)  -> (artifact id: '84f8da0144c4756c556dd8ab6ac7e1f6') in 0.008646 seconds 
========================================================================
Received Import Request.
  Time since last request: 59.468016 seconds.
  path: Assets/Sprites/2D Casual UI
  artifactKey: Guid(eea07922793fb45d98e734985805ce9c) Importer(815301076,1909f56bfc062723c751e8b465ee728b)
Start importing Assets/Sprites/2D Casual UI using Guid(eea07922793fb45d98e734985805ce9c) Importer(815301076,1909f56bfc062723c751e8b465ee728b)  -> (artifact id: '50784e7bda21962322e24e58fb163dc5') in 0.007725 seconds 
========================================================================
Received Import Request.
  Time since last request: 0.875353 seconds.
  path: Assets/Sprites/2D Casual UI/Sprite
  artifactKey: Guid(e768493ddca804421b25bd6727f9c844) Importer(815301076,1909f56bfc062723c751e8b465ee728b)
Start importing Assets/Sprites/2D Casual UI/Sprite using Guid(e768493ddca804421b25bd6727f9c844) Importer(815301076,1909f56bfc062723c751e8b465ee728b)  -> (artifact id: '723700a8e98a45a19dbd86d2c63843c7') in 0.006537 seconds 
========================================================================
Received Import Request.
  Time since last request: 23.227077 seconds.
  path: Assets/Sprites/BayatGames/Free Platform Game Assets/Readme.txt
  artifactKey: Guid(05c90c2f277e2fb4cae68fc4b19be67f) Importer(815301076,1909f56bfc062723c751e8b465ee728b)
Start importing Assets/Sprites/BayatGames/Free Platform Game Assets/Readme.txt using Guid(05c90c2f277e2fb4cae68fc4b19be67f) Importer(815301076,1909f56bfc062723c751e8b465ee728b)  -> (artifact id: 'fdb64dae9dda057e262c38806d3c4c9d') in 0.056816 seconds 
========================================================================
Received Import Request.
  Time since last request: 5.983131 seconds.
  path: Assets/Sprites/BayatGames/Free Platform Game Assets/Water Animation
  artifactKey: Guid(6fab39c948942a5478a7a3e19ce57600) Importer(815301076,1909f56bfc062723c751e8b465ee728b)
Start importing Assets/Sprites/BayatGames/Free Platform Game Assets/Water Animation using Guid(6fab39c948942a5478a7a3e19ce57600) Importer(815301076,1909f56bfc062723c751e8b465ee728b)  -> (artifact id: '42cb57e17632591f36b417f594dbac53') in 0.006114 seconds 
========================================================================
Received Import Request.
  Time since last request: 3.265663 seconds.
  path: Assets/Sprites/BayatGames/Free Platform Game Assets/Water Animation/2.5D View
  artifactKey: Guid(946e46f00fc96924c92e72a98dbe16d1) Importer(815301076,1909f56bfc062723c751e8b465ee728b)
Start importing Assets/Sprites/BayatGames/Free Platform Game Assets/Water Animation/2.5D View using Guid(946e46f00fc96924c92e72a98dbe16d1) Importer(815301076,1909f56bfc062723c751e8b465ee728b)  -> (artifact id: '592690be86c6342b40105dc0048c82d2') in 0.006867 seconds 
========================================================================
Received Import Request.
  Time since last request: 43.641191 seconds.
  path: Assets/Prefabs/SpikedBall.prefab
  artifactKey: Guid(50c6f0253a8cc6a4c941cd771171c3a5) Importer(815301076,1909f56bfc062723c751e8b465ee728b)
Start importing Assets/Prefabs/SpikedBall.prefab using Guid(50c6f0253a8cc6a4c941cd771171c3a5) Importer(815301076,1909f56bfc062723c751e8b465ee728b)  -> (artifact id: 'a5b7f850d53e7f20bf0e20550dfe5405') in 0.014451 seconds 
========================================================================
Received Import Request.
  Time since last request: 62.285489 seconds.
  path: Assets/Prefabs/Background.prefab
  artifactKey: Guid(76c88822e6617e14d81f47c2aaa6e454) Importer(815301076,1909f56bfc062723c751e8b465ee728b)
Start importing Assets/Prefabs/Background.prefab using Guid(76c88822e6617e14d81f47c2aaa6e454) Importer(815301076,1909f56bfc062723c751e8b465ee728b)  -> (artifact id: 'c0f659adf16936e8e8a0c1346eac5856') in 0.020797 seconds 
========================================================================
Received Import Request.
  Time since last request: 64.439813 seconds.
  path: Packages/com.unity.2d.sprite/Editor/ObjectMenuCreation/DefaultAssets/Textures/v2/9Sliced.png
  artifactKey: Guid(8884154dfe85442a3a3578be807dbcdf) Importer(815301076,1909f56bfc062723c751e8b465ee728b)
Start importing Packages/com.unity.2d.sprite/Editor/ObjectMenuCreation/DefaultAssets/Textures/v2/9Sliced.png using Guid(8884154dfe85442a3a3578be807dbcdf) Importer(815301076,1909f56bfc062723c751e8b465ee728b)  -> (artifact id: '41cc260c90c4b9882031ed04f860b8d6') in 0.083276 seconds 
========================================================================
Received Import Request.
  Time since last request: 0.000030 seconds.
  path: Packages/com.unity.2d.sprite/Editor/ObjectMenuCreation/DefaultAssets/Textures/v2/HexagonPointedTop.png
  artifactKey: Guid(5aa8b770bc43046bc8d993d0d5b7f4a5) Importer(815301076,1909f56bfc062723c751e8b465ee728b)
Start importing Packages/com.unity.2d.sprite/Editor/ObjectMenuCreation/DefaultAssets/Textures/v2/HexagonPointedTop.png using Guid(5aa8b770bc43046bc8d993d0d5b7f4a5) Importer(815301076,1909f56bfc062723c751e8b465ee728b)  -> (artifact id: '9ecef1da339a8b5969357f43a0c955d2') in 0.031165 seconds 
========================================================================
Received Import Request.
  Time since last request: 0.000029 seconds.
  path: Packages/com.unity.2d.sprite/Editor/ObjectMenuCreation/DefaultAssets/Textures/v2/HexagonFlatTop.png
  artifactKey: Guid(b670ab75dde984907b8570040daa08c5) Importer(815301076,1909f56bfc062723c751e8b465ee728b)
Start importing Packages/com.unity.2d.sprite/Editor/ObjectMenuCreation/DefaultAssets/Textures/v2/HexagonFlatTop.png using Guid(b670ab75dde984907b8570040daa08c5) Importer(815301076,1909f56bfc062723c751e8b465ee728b)  -> (artifact id: 'aca7159ec798433b9f2ea238ceeb7130') in 0.033531 seconds 
Editor requested this worker to shutdown with reason: Scaling down because of idle timeout
AssetImportWorker is now disconnected from the server
Process exiting
Exiting without the bug reporter. Application will terminate with return code 0